송민준 2023693796@dgu.co.kr l7O0PncB
정준호 2023833674@dgu.co.kr BWurW38e
이서연 2023530816@dgu.co.kr w2MMDWMq
장윤우 2023462158@dgu.co.kr EQbp8eIA
이서연 2023131747@dgu.co.kr DeUFev5p
이민준 2023262470@dgu.co.kr fQI@3@EA
송예빈 2023423154@dgu.co.kr A$0NuCyk
안유준 2023282283@dgu.co.kr XLdgqoJE
권유준 2023710976@dgu.co.kr aQ3TWIOv
정유찬 2023238924@dgu.co.kr DgJvfztw
한현우 2023563354@dgu.co.kr H8SbPu71
한서진 2023307493@dgu.co.kr f9i5$FDK
윤민준 2023204103@dgu.co.kr yQzeAP3#
강민준 2023969586@dgu.co.kr Ze4PFPRV
황현우 2023359291@dgu.co.kr 4zgB4ZL3
서시우 2023034810@dgu.co.kr eRX0KoHW
송지훈 2023213882@dgu.co.kr Yoa@sXoM
한서진 2023402072@dgu.co.kr Mdw0HKkQ
한서진 2023140472@dgu.co.kr 7uC$*1FX
허윤우 2023198111@dgu.co.kr VscGA!6J
안시윤 2023028749@dgu.co.kr eTFqPEK^
고지훈 2023999000@dgu.co.kr 5kl#7c%B
최지우 2023251109@dgu.co.kr EUtda!eB
강준서 2023136271@dgu.co.kr @4pLiRh$
김도준 2023633654@dgu.co.kr 9O7Qy8@v
류윤서 2023830100@dgu.co.kr Ae4P3Y^P
김준서 2023371369@dgu.co.kr @iiWSXKP
이서연 2023584469@dgu.co.kr knCMLpTs
한지호 2023981959@dgu.co.kr oPOXsQs2
이준서 2023465952@dgu.co.kr ToLNpQuL
홍지우 2023837890@dgu.co.kr M0cpbwme
정서준 2023874925@dgu.co.kr 5HL2m1@@
류유나 2023815451@dgu.co.kr sK4VFe@Z
안유빈 2023351422@dgu.co.kr gHTrdSPw
성지호 2023405424@dgu.co.kr @*TFbtIT
성준우 2023549131@dgu.co.kr G@ZlzQE0
정서연 2023377630@dgu.co.kr J@xArqWZ
홍준호 2023044723@dgu.co.kr @fJ9kUkF
성유빈 2023965970@dgu.co.kr GQdjre0b
최유준 2023214372@dgu.co.kr QL52tQnr
송하준 2023567485@dgu.co.kr z#@XOTKF
진서준 2023924055@dgu.co.kr wi1*pZWu
윤윤서 2023121055@dgu.co.kr 5EfPPT5E
강유빈 2023362765@dgu.co.kr L6dTrG0p
고민영 2023477153@dgu.co.kr bWmXUJFv
오서연 2023296669@dgu.co.kr fu5!2d*w
김서준 2023158078@dgu.co.kr #5Qbqync
오시윤 2023044605@dgu.co.kr v1GA4qb8
윤시윤 2023060594@dgu.co.kr YpKw^H1*
윤예빈 2023652968@dgu.co.kr 7L67kEB$
진현우 2023664420@dgu.co.kr 8*4^RvGU
강소영 2023485601@dgu.co.kr aMt$EVIP
류준호 2023747450@dgu.co.kr EmmOI^aM
안유준 2023092286@dgu.co.kr ngzEJR8F
오하준 2023036965@dgu.co.kr j$a%u!NM
진윤서 2023897874@dgu.co.kr P60lgkB9
황윤서 2023647996@dgu.co.kr lTEmThJ7
홍정훈 2023047641@dgu.co.kr p3pJdrT*
권준우 2023697505@dgu.co.kr vuov!Wj5
안지환 2023888250@dgu.co.kr h3qGA5ex
최민영 2023099818@dgu.co.kr 8StKWpZh
김유빈 2023724992@dgu.co.kr 8KQXe6Uf
신유찬 2023811196@dgu.co.kr LrJVbDE8
김지환 2023539745@dgu.co.kr qnJ65$o9
장현우 2023967791@dgu.co.kr sUW&Rd2#
정시윤 2023414258@dgu.co.kr mNDfEty2
진세아 2023198020@dgu.co.kr wyi2XGvg
오준호 2023233895@dgu.co.kr c1!^XvkF
신지호 2023146648@dgu.co.kr vbJ7sTU!
신정훈 2023709141@dgu.co.kr Rvh@hg#z
류지환 2023946590@dgu.co.kr @%HEA1bm
신준우 2023929119@dgu.co.kr 0oMijmMx
고연서 2023705269@dgu.co.kr 7J492%@4
성지우 2023572810@dgu.co.kr 9I&oO7*p
신정훈 2023139964@dgu.co.kr A6jmk33g
최소영 2023742617@dgu.co.kr VaZEObwc
한소영 2023852917@dgu.co.kr QtWW3jFD
성시우 2023530430@dgu.co.kr K5asLX%m
이연서 2023107243@dgu.co.kr yjHJMWmZ
허서진 2023556526@dgu.co.kr P#v0jWBj
진재윤 2023264310@dgu.co.kr yR1OAC9F
송유준 2023323461@dgu.co.kr u#E5NnK9
안준호 2023404394@dgu.co.kr uq@*g@1J
오정훈 2023711560@dgu.co.kr v1!&#PDB
오준우 2023668399@dgu.co.kr t%9uWK!G
허서진 2023186318@dgu.co.kr O#67XcDW
한시윤 2023614408@dgu.co.kr 8SOPFC5D
송서연 2023341252@dgu.co.kr Q#pHUyk4
강유찬 2023556591@dgu.co.kr iBLa6#aC
홍윤우 2023382479@dgu.co.kr 8J8NlGgZ
오지우 2023715609@dgu.co.kr u&RkdOeC
윤도준 2023035553@dgu.co.kr 5wP!sRc2
홍서연 2023606085@dgu.co.kr KBrRFMEN
진유준 2023944548@dgu.co.kr !ANFC@d!
권세아 2023815502@dgu.co.kr G52JGFKP
김민준 2023895767@dgu.co.kr c5130Mlg
권시우 2023995655@dgu.co.kr @#fasH54
조지후 2023355359@dgu.co.kr 3Z!4z@La
정유나 2023108968@dgu.co.kr qrAjScVw
성준서 2023101708@dgu.co.kr ZKLRjf61
신민지 2023964208@dgu.co.kr Gd$O&7O!
신준호 2023037221@dgu.co.kr O^qHN6L4
안민영 2023052226@dgu.co.kr w&#bnyg2
박유찬 2023443696@dgu.co.kr 65v*OJTT
성윤서 2023072254@dgu.co.kr kegqUHX@
김유빈 2023234411@dgu.co.kr nDlYiq2@
신윤서 2023532561@dgu.co.kr UR7IXvYz
최민지 2023367642@dgu.co.kr F&QSq2hy
고서진 2023967536@dgu.co.kr Yo@p*cV!
오민영 2023098616@dgu.co.kr %WEbtJ4D
이준우 2023734529@dgu.co.kr xyf9xFcV
정윤우 2023844061@dgu.co.kr Db5^FzoX
성정훈 2023210119@dgu.co.kr 7rC^LcNx
이도윤 2023070629@dgu.co.kr 7QzT0L6b
황준서 2023837026@dgu.co.kr x9@i#IyW
서유빈 2023294811@dgu.co.kr $GXiFUjv
강현우 2023592555@dgu.co.kr CggUPSGh
최서연 2023709078@dgu.co.kr BHLTnN81
김유빈 2023179168@dgu.co.kr PK#HW^4d
조정훈 2023657316@dgu.co.kr tA0vSfdF
이세아 2023625948@dgu.co.kr Ekw#X8GS
성도윤 2023357666@dgu.co.kr W6eoz6k$
조서연 2023283682@dgu.co.kr Neiwuime
이윤서 2023267252@dgu.co.kr 40xHECe3
안시우 2023055795@dgu.co.kr 8StVbEer
한예빈 2023819042@dgu.co.kr yWVTzm#H
최재윤 2023659249@dgu.co.kr M6BEDQRF
강준우 2023522592@dgu.co.kr R%FU4Ah&
안도윤 2023317040@dgu.co.kr !JTucc3G
신예빈 2023849158@dgu.co.kr *S4Flf!j
오지우 2023131742@dgu.co.kr %%Nw5jpq
홍유빈 2023966179@dgu.co.kr GlkC1etk
안연서 2023818768@dgu.co.kr I$8u9!jK
최민영 2023179411@dgu.co.kr gNyO0deh
박윤서 2023896611@dgu.co.kr v9yd3yq3
진민준 2023881269@dgu.co.kr 0WdEL1iR
조서진 2023273601@dgu.co.kr OZXsF^Ei
최지호 2023284467@dgu.co.kr #oa0zxWx
강정훈 2023974417@dgu.co.kr VfMwBatw
류서진 2023221629@dgu.co.kr 2oKZ&bC^
고윤우 2023306461@dgu.co.kr nwIPPsl&
성지우 2023754638@dgu.co.kr x6YNBQEi
허윤우 2023929626@dgu.co.kr UpKAGr%D
홍민영 2023978392@dgu.co.kr y!mL3j!z
정준서 2023108094@dgu.co.kr bTY525uw
박윤서 2023870612@dgu.co.kr MyGteABd
고민지 2023085984@dgu.co.kr *q%Yjd$w
오유빈 2023382743@dgu.co.kr ezXvON0@
임연서 2023244900@dgu.co.kr vCfSOdCD
홍준우 2023994155@dgu.co.kr !B1E*BYn
황도윤 2023039004@dgu.co.kr vSR^Eeg%
송준호 2023234513@dgu.co.kr nGTuzJqU
서서진 2023537802@dgu.co.kr *N%z%0Yx
윤재윤 2023632733@dgu.co.kr CreH8lgf
안연서 2023375644@dgu.co.kr LWFFr258
류소영 2023119924@dgu.co.kr o591OjFm
최서연 2023935551@dgu.co.kr &t!qq3#P
오유준 2023647114@dgu.co.kr BG#sG*ZX
신도윤 2023576432@dgu.co.kr UAqzkAza
안시윤 2023682088@dgu.co.kr Yjq%SUD#
진유찬 2023965731@dgu.co.kr HfDKuWTr
권민지 2023750452@dgu.co.kr iEuLbY$e
오세아 2023727003@dgu.co.kr @IUvtf7T
권서준 2023554478@dgu.co.kr WTSjT7g0
조민준 2023374566@dgu.co.kr MXWydUUJ
윤준서 2023081953@dgu.co.kr w&a80Lrh
최서진 2023490491@dgu.co.kr u4J&R4UI
한민지 2023480617@dgu.co.kr WFHQbXYe
권지호 2023336085@dgu.co.kr SIV#Kzb^
조유나 2023179837@dgu.co.kr F!xFLa24
권서연 2023051681@dgu.co.kr uGUR6A1$
허시우 2023423976@dgu.co.kr cM3MjSt@
류연서 2023907004@dgu.co.kr QdqNGoxB
임준우 2023047538@dgu.co.kr EE@@TtYW
강지호 2023577220@dgu.co.kr $Ot^8GVq
조준서 2023737538@dgu.co.kr F6kb$jv4
장지후 2023697987@dgu.co.kr zjW6LemH
한예빈 2023411643@dgu.co.kr GxfdF3xC
박민준 2023257127@dgu.co.kr DS#vrd71
박지호 2023729099@dgu.co.kr NTleGR&r
박민지 2023220120@dgu.co.kr Og&wfAhv
홍서연 2023041388@dgu.co.kr i^jX8@$a
진지환 2023065086@dgu.co.kr ^$%1A9ZX
홍시우 2023165634@dgu.co.kr 0iZ7C^@&
이민지 2023216115@dgu.co.kr nfvrPdVR
이유나 2023468909@dgu.co.kr fA4Voxii
서민지 2023426176@dgu.co.kr ckjX4olT
류연서 2023987352@dgu.co.kr GTudn0uk
권지훈 2023883781@dgu.co.kr @fj6qhdp
조지훈 2023939629@dgu.co.kr Y#!4G6^9
한정훈 2023507288@dgu.co.kr GlcGS%#z
조지환 2023531649@dgu.co.kr wX4qEc9w
류지우 2023193342@dgu.co.kr goSl78vA
김시우 2023742208@dgu.co.kr B!$3UfxU
진지우 2023696820@dgu.co.kr 5EIgRLwg
박도윤 2023915524@dgu.co.kr &yzePSHA
송도윤 2023700980@dgu.co.kr *w!ZY!HZ
오유나 2023373738@dgu.co.kr Iw@65zRB
이서진 2023760974@dgu.co.kr k!8&bfJI
최도윤 2023975314@dgu.co.kr r#%myIye
서유나 2023988155@dgu.co.kr @t@3av2O
허유찬 2023148921@dgu.co.kr q4W&*9%V
조유준 2023392464@dgu.co.kr jaBmQpJw
신지환 2023646231@dgu.co.kr H202SrbC
허시윤 2023272241@dgu.co.kr !NZwGAAS
안재윤 2023745980@dgu.co.kr WR7*MI$Z
진시윤 2023268248@dgu.co.kr o8RGg0aO
안유나 2023322045@dgu.co.kr Hv5bYMhn
신준서 2023900606@dgu.co.kr h6cL8J5B
장지훈 2023872543@dgu.co.kr m4cZeGB$
진하준 2023742977@dgu.co.kr G!gfYuod
장지호 2023361765@dgu.co.kr 9OFC4hVH
고유준 2023324350@dgu.co.kr f3EC$pfN
권지훈 2023160414@dgu.co.kr 0prCZ12Y
조도윤 2023351604@dgu.co.kr VdX7GvL^
장지후 2023684366@dgu.co.kr CnOpV&V%
송민지 2023074411@dgu.co.kr ak$2gOQp
장서진 2023500021@dgu.co.kr yf&QU^kc
송지환 2023882160@dgu.co.kr ouJ&GpNk
황서준 2023067976@dgu.co.kr F2g**ZgK
강지호 2023230195@dgu.co.kr *kwjGxfI
윤지호 2023395042@dgu.co.kr J3bg*Xt$
정도윤 2023347647@dgu.co.kr OfCCou%H
조준호 2023732144@dgu.co.kr UFffLNq*
강유빈 2023608502@dgu.co.kr UA0aDWQ6
류유빈 2023047967@dgu.co.kr mlwSBETu
장소영 2023170745@dgu.co.kr %oVy9Ez0
고연서 2023558640@dgu.co.kr pCbi@7Kh
윤연서 2023425750@dgu.co.kr d2nA*U1r
신시윤 2023384219@dgu.co.kr AuUYJ^&l
임준호 2023032307@dgu.co.kr &nGY%1cm
오유찬 2023478200@dgu.co.kr VF&ayU!!
신준서 2023348519@dgu.co.kr KCKP9M4M
오민영 2023653297@dgu.co.kr 5n0yKobX
성서준 2023909249@dgu.co.kr Hz0a40yR
홍소영 2023108558@dgu.co.kr %ukVEOV2
윤정훈 2023685535@dgu.co.kr tHpN#O2S
최현우 2023465832@dgu.co.kr briIc!jg
권시우 2023589999@dgu.co.kr $#OKY1Q4
한소영 2023034744@dgu.co.kr pIcqdr@b
송유준 2023389926@dgu.co.kr GgO9n2OY
신도윤 2023951843@dgu.co.kr rWBGk#r8
황유찬 2023106613@dgu.co.kr 0CA@melC
장유나 2023379031@dgu.co.kr NVSi&KkE
윤윤우 2023927606@dgu.co.kr Kjz01cR8
조민지 2023023693@dgu.co.kr zbFnZu&K
서지호 2023156282@dgu.co.kr FB53segj
신준서 2023941405@dgu.co.kr $x3re@2n
신유빈 2023315280@dgu.co.kr VxXh5qC0
이지환 2023525615@dgu.co.kr Q1yCFnXW
박하준 2023672455@dgu.co.kr X^K!550W
오지훈 2023672321@dgu.co.kr d29RFjkK
이지훈 2023578380@dgu.co.kr &ngQOYU7
김민영 2023769189@dgu.co.kr !MA&j8jc
류유빈 2023673588@dgu.co.kr Hf3@2@Mi
이소영 2023781347@dgu.co.kr dW^VzzC3
박유찬 2023431043@dgu.co.kr vy55XZ0a
홍민준 2023713304@dgu.co.kr %2nUCB5q
성재윤 2023471429@dgu.co.kr G%LTzQE@
최예빈 2023995239@dgu.co.kr jmctkt#T
임민지 2023831135@dgu.co.kr 5d8lgbU9
이서진 2023539751@dgu.co.kr Xg@XmwDj
강윤우 2023103990@dgu.co.kr gyMUQ2Vd
허윤서 2023912843@dgu.co.kr vhlk8wy^
임현우 2023943838@dgu.co.kr l52Bm$Zf
허민지 2023293251@dgu.co.kr sdDirqJp
장준서 2023238859@dgu.co.kr 1Dx7Fwpd
송도준 2023653191@dgu.co.kr uDm6^Nff
허유준 2023281509@dgu.co.kr zUkSE^zy
신서진 2023948488@dgu.co.kr Kfm%wW4g
송지우 2023272653@dgu.co.kr B2fFhVy3
윤연서 2023695270@dgu.co.kr rD4C&hrs
고유빈 2023735341@dgu.co.kr Uz6@cEx%
최유준 2023274963@dgu.co.kr 1DXyh617
황민지 2023057125@dgu.co.kr FnQIAtpo
박하준 2023732261@dgu.co.kr @rM2YHN&
강도윤 2023684021@dgu.co.kr 2dFDQZxp
홍지우 2023795242@dgu.co.kr #hOD5o3J
허지호 2023412675@dgu.co.kr muwQEjm%
한준서 2023180682@dgu.co.kr @FpkpP%m
고지환 2023631147@dgu.co.kr iyJ^rY6o
고현우 2023776448@dgu.co.kr PzEWVb%F
안하준 2023025736@dgu.co.kr j^HvEgpf
장지우 2023191071@dgu.co.kr pyAZ5^yc
조민준 2023307897@dgu.co.kr m49jOvtr
송하준 2023429645@dgu.co.kr 9MFz0oPf
윤지호 2023438387@dgu.co.kr hNHr&IOm
허현우 2023204135@dgu.co.kr EE%zGFW4
정지호 2023744459@dgu.co.kr #HeJ8hd2
황시우 2023479016@dgu.co.kr H2jqUVLO
오하준 2023839437@dgu.co.kr Rb1lmCGQ
강연서 2023669563@dgu.co.kr 0#!Tu*No
최도준 2023962368@dgu.co.kr jTNJ*T1Z
김지호 2023125576@dgu.co.kr J0ep@uUA
오서진 2023398395@dgu.co.kr $RB5gyeb
정유준 2023761092@dgu.co.kr l&DXrQ23
조예빈 2023322200@dgu.co.kr zVe!BOqs
최하준 2023975206@dgu.co.kr QoGv!t!q
신연서 2023822386@dgu.co.kr #lY2FfGO
안도윤 2023918894@dgu.co.kr 8XB^qd7X
한서진 2023315025@dgu.co.kr Wzc6ov$R
박지호 2023497730@dgu.co.kr jbDa%Weg
권민준 2023545056@dgu.co.kr c&fDVSZd
성준서 2023182341@dgu.co.kr tk!WvrVQ
허유준 2023434172@dgu.co.kr bFgSZtFK
오예빈 2023230363@dgu.co.kr OU4ThKlW
홍시윤 2023302592@dgu.co.kr ic6kHIyt
안지호 2023910152@dgu.co.kr hCIez%WP
황준서 2023788315@dgu.co.kr 23e@7t!w
한준호 2023600471@dgu.co.kr eSzs1WsL
류시윤 2023640854@dgu.co.kr 9zykyIpZ
송민지 2023147181@dgu.co.kr oH80%CI3
조현우 2023038743@dgu.co.kr QF3VIHfK
이재윤 2023009845@dgu.co.kr %4CSvR5v
권현우 2023043508@dgu.co.kr Y^E2!Znr
신서준 2023590573@dgu.co.kr VuKRLYDD
윤지후 2023657024@dgu.co.kr &8@Z!v$9
박윤서 2023901686@dgu.co.kr Tjn0KN$x
서민지 2023410525@dgu.co.kr OOlA^2cu
류서연 2023270798@dgu.co.kr nt%zabEX
권재윤 2023066932@dgu.co.kr FG!o^jW@
이준서 2023749947@dgu.co.kr *ImJ!QZy
허준서 2023819750@dgu.co.kr tVWrK2AI
조예빈 2023227044@dgu.co.kr 4og$d!xo
최지환 2023750804@dgu.co.kr U*rUcxAK
권유찬 2023669340@dgu.co.kr pW&8fZ7w
홍현우 2023743495@dgu.co.kr Dhq0boLK
신세아 2023816465@dgu.co.kr NxNWgKAt
안유준 2023785756@dgu.co.kr ivY!VG4&
윤지우 2023468525@dgu.co.kr Bhee71CF
조지후 2023970795@dgu.co.kr sSP&omR#
윤준서 2023754345@dgu.co.kr K6pvws9F
임정훈 2023980580@dgu.co.kr 67*15Ds4
조서연 2023962894@dgu.co.kr TPYUrMky
황준서 2023402400@dgu.co.kr ^9Y@TIPd
조시윤 2023639729@dgu.co.kr umINs9Aj
신유나 2023316334@dgu.co.kr *PxYlOY4
강연서 2023378965@dgu.co.kr p#ACkbx#
서연서 2023537218@dgu.co.kr nmHxek^Z
강지후 2023512363@dgu.co.kr ekqBmIa^
서재윤 2023138090@dgu.co.kr ZNM35kVT
박도윤 2023109826@dgu.co.kr K7VR&&C4
오지훈 2023910880@dgu.co.kr Qrdhxu74
고도준 2023385678@dgu.co.kr HYi^!gSK
신지훈 2023896603@dgu.co.kr vpiXTD!5
한현우 2023798264@dgu.co.kr LWsepmmF
임준호 2023669210@dgu.co.kr X8NQmvh9
권지환 2023781476@dgu.co.kr mDF9F4vi
진도준 2023400230@dgu.co.kr H7U*y4LF
안유찬 2023196333@dgu.co.kr 4sI^DFHy
윤세아 2023189163@dgu.co.kr TblORY6a
최도윤 2023975175@dgu.co.kr CZLw!7s4
송민지 2023183789@dgu.co.kr qaK87Ebz
장유찬 2023200979@dgu.co.kr &2jAdY&U
임유찬 2023418757@dgu.co.kr 9hWV6Vh8
홍도준 2023340153@dgu.co.kr V%8^8S&0
박소영 2023410025@dgu.co.kr #NL348Kb
류재윤 2023157954@dgu.co.kr I*pJc5v$
이유찬 2023691525@dgu.co.kr JBNZY8WQ
박준우 2023112297@dgu.co.kr !8Ikl8Bo
홍유나 2023836173@dgu.co.kr WufxonpB
김도준 2023622151@dgu.co.kr wIPesa#0
고지우 2023594732@dgu.co.kr 6KBK9TsC
조준서 2023453631@dgu.co.kr 3T6FFdE1
오윤우 2023318503@dgu.co.kr 2$8hw4M%
강도준 2023537265@dgu.co.kr pRi3T1Ue
최도준 2023703926@dgu.co.kr ^wk9!B7b
서윤우 2023598686@dgu.co.kr sZfwhBmt
오연서 2023002230@dgu.co.kr sdV2Wy25
송도윤 2023400676@dgu.co.kr $&TJ14hr
임유빈 2023074623@dgu.co.kr *rYsMuHk
이준우 2023500074@dgu.co.kr qJL3ANGp
정준서 2023819532@dgu.co.kr mwM%R$^J
한지후 2023806225@dgu.co.kr s^lXT$0K
성유빈 2023879211@dgu.co.kr CJC#XFHT
최연서 2023765954@dgu.co.kr Uxt17p!M
진지환 2023418702@dgu.co.kr EZfz6TNM
신하준 2023199161@dgu.co.kr flhl18pz
조준서 2023975054@dgu.co.kr 8DZEn%yk
성유찬 2023279322@dgu.co.kr 9Dyakh*v
허서진 2023445762@dgu.co.kr DM8ZjPZ1
권준서 2023309288@dgu.co.kr dp$r$cVc
정준호 2023249451@dgu.co.kr dIxl%i2n
고민준 2023465580@dgu.co.kr 8M6s6lKJ
안준호 2023185545@dgu.co.kr 6o1rNopz
류서연 2023186397@dgu.co.kr 4vgrw8IN
최윤우 2023897469@dgu.co.kr GWb89Ju0
한민지 2023678914@dgu.co.kr zqdTxwbB
정준호 2023706281@dgu.co.kr k@Yq$L4A
신민준 2023896947@dgu.co.kr 3WzJ4251
안민준 2023677842@dgu.co.kr pgwL2iXJ
임민지 2023152518@dgu.co.kr MJkC61rX
조유찬 2023057876@dgu.co.kr 6aII*n8H
오윤서 2023463122@dgu.co.kr cD@Pa^tZ
안서연 2023159397@dgu.co.kr gwWHsXJ7
황윤서 2023323028@dgu.co.kr 4wo77$&X
박서연 2023669536@dgu.co.kr GKt8t5ni
한윤서 2023477292@dgu.co.kr t2b3yOUc
한소영 2023437489@dgu.co.kr vvuZBsF5
임윤서 2023225587@dgu.co.kr KgJluBpA
송정훈 2023935321@dgu.co.kr ii!p1fLH
최준우 2023299888@dgu.co.kr dzktr1XM
신지환 2023134265@dgu.co.kr $YHMVzb@
박유준 2023277444@dgu.co.kr kyXDjbv4
홍민준 2023231621@dgu.co.kr sX*h12NH
장예빈 2023798549@dgu.co.kr WBkb%Ba4
최연서 2023646403@dgu.co.kr qk9SFkWi
허연서 2023657232@dgu.co.kr 2OGwgMed
최정훈 2023652366@dgu.co.kr icM6RKBH
임지후 2023410036@dgu.co.kr AO4LMEAo
강세아 2023503507@dgu.co.kr K*FN2wwk
안서연 2023163144@dgu.co.kr Y2I@LGzR
한유나 2023694993@dgu.co.kr EnOuwlSh
이민지 2023604643@dgu.co.kr xGyFs@88
한지환 2023900150@dgu.co.kr u8%I^hO$
윤세아 2023424788@dgu.co.kr SCqRiGuv
박윤우 2023299210@dgu.co.kr QU2!^wvS
류민영 2023069088@dgu.co.kr *x24lekk
임예빈 2023461850@dgu.co.kr @w0$Jhvm
김현우 2023185192@dgu.co.kr Iwsw4^Wq
박민영 2023699584@dgu.co.kr I3&Dswdo
진예빈 2023545849@dgu.co.kr 1P&$vzT8
김지호 2023153256@dgu.co.kr GW89XeYR
진민준 2023009808@dgu.co.kr 7v1IZEU3
황지후 2023333247@dgu.co.kr awLQG8GG
성도준 2023265140@dgu.co.kr LGrhoK3w
최유찬 2023552567@dgu.co.kr u26qnC@1
서도윤 2023876735@dgu.co.kr APZ%0Tx8
고도윤 2023644156@dgu.co.kr &riK3iOI
고준서 2023200996@dgu.co.kr 632X7Sql
서유찬 2023309802@dgu.co.kr rtobkw!V
윤서준 2023581578@dgu.co.kr YP!9Z9*o
박유준 2023567015@dgu.co.kr 4JmKKzIf
서도준 2023302197@dgu.co.kr Ue7Org5R
박지후 2023796609@dgu.co.kr Avt44yAu
최현우 2023652238@dgu.co.kr &YtZuzou
이준서 2023869776@dgu.co.kr 3S52%g86
안윤우 2023784277@dgu.co.kr Bt4Ak8U6
윤유나 2023646322@dgu.co.kr W%Y^*Lsy
안준호 2023759763@dgu.co.kr pgw!l8yf
황재윤 2023876686@dgu.co.kr kZFBcAKp
장준서 2023696051@dgu.co.kr 2naZLN3%
송윤우 2023465909@dgu.co.kr HgvmHpne
한민준 2023220656@dgu.co.kr ^6zJ%$Dx
진윤서 2023822277@dgu.co.kr OPWIZtj!
류재윤 2023040090@dgu.co.kr ZKAxpbJe
윤민지 2023256167@dgu.co.kr uNhordt%
조유준 2023632841@dgu.co.kr QYogT!Fy
한세아 2023965363@dgu.co.kr gXfEvNzC
홍민영 2023109023@dgu.co.kr jWXGuBpE
조유나 2023755386@dgu.co.kr ho01UkmC
강하준 2023023451@dgu.co.kr W1Vg@Ayj
최유빈 2023783530@dgu.co.kr JlgXZCOC
오서준 2023078255@dgu.co.kr mKsW*le7
윤서연 2023333736@dgu.co.kr o!c&QkN%
신지환 2023347765@dgu.co.kr dqw5pVxE
류준우 2023644706@dgu.co.kr gq6mq86z
진민지 2023302786@dgu.co.kr tZUc*OHD
류민영 2023225658@dgu.co.kr u73gSfdM
윤윤우 2023431061@dgu.co.kr VIjMQL&D
장재윤 2023508003@dgu.co.kr Lrrs!J!p
강민준 2023407626@dgu.co.kr En&0lxMd
임민준 2023738799@dgu.co.kr eibBR#Tb
류재윤 2023629859@dgu.co.kr cpUSqX6!
조서진 2023030268@dgu.co.kr *EHfud98
강서준 2023990679@dgu.co.kr KdLKJK9G
류준호 2023003392@dgu.co.kr 6ZG8L!PQ
한서준 2023392065@dgu.co.kr !TKKuNpS
한유준 2023581176@dgu.co.kr mqKbhfPW
홍서연 2023702487@dgu.co.kr bQE2d0ai
신민영 2023504191@dgu.co.kr cff!g!@q
박도준 2023229806@dgu.co.kr mFGmbFr6
안세아 2023231395@dgu.co.kr YH*nFm*l
류지훈 2023103000@dgu.co.kr USOr8cn0
강시우 2023471006@dgu.co.kr ZXLuJc^v
안민지 2023264358@dgu.co.kr a2SU6CtG
장서진 2023258558@dgu.co.kr xOWnFaMH
정지호 2023121265@dgu.co.kr $MMxrBpo
이시우 2023733001@dgu.co.kr mlLAwYqH
고연서 2023061490@dgu.co.kr bu22f3jL
송예빈 2023833991@dgu.co.kr FIch@H%%
한서진 2023818637@dgu.co.kr yT9x1i6m
고민지 2023477573@dgu.co.kr oRfU5vAM
황유나 2023263060@dgu.co.kr 9L%fomf%
윤소영 2023925633@dgu.co.kr 6CPsXAIt
서현우 2023421186@dgu.co.kr yyOe2DGE
허정훈 2023799805@dgu.co.kr d^$sf&oD
정예빈 2023273507@dgu.co.kr MN7ZVAp%
황도윤 2023776758@dgu.co.kr &KT2fqa2
최지후 2023139677@dgu.co.kr mbU^WHiW
허유나 2023724750@dgu.co.kr nh$iiPGL
최윤서 2023468284@dgu.co.kr zgHfzgn$
류지환 2023298774@dgu.co.kr kXGdWCsQ
조서진 2023653186@dgu.co.kr sDT4kRmS
진민준 2023134012@dgu.co.kr 1E^g2#Wb
조준우 2023772903@dgu.co.kr !@Xq$7aA
서준호 2023416497@dgu.co.kr 9Y%7pXGq
성도윤 2023004817@dgu.co.kr iBJB7b90
권예빈 2023260536@dgu.co.kr XyQYIdwb
홍시윤 2023538102@dgu.co.kr PccXl@8p
이서준 2023354426@dgu.co.kr dXxuR8rL
강지훈 2023126018@dgu.co.kr 3Wtg7AVE
이지우 2023630897@dgu.co.kr ^#nCpmz2
신민영 2023498813@dgu.co.kr X3cSJ6cZ
장지호 2023654706@dgu.co.kr @#Mc5pRz
황도윤 2023683348@dgu.co.kr XzUx7OCv
서지후 2023989337@dgu.co.kr pJg#i3v#
홍소영 2023901478@dgu.co.kr lz&nvtbq
고지후 2023318819@dgu.co.kr A4i&p6^p
허서연 2023425695@dgu.co.kr faKBo&k6
송준서 2023746175@dgu.co.kr lWI&Y%Dc
임지후 2023804731@dgu.co.kr Pla1ZGfN
서연서 2023081144@dgu.co.kr As&Rw7AD
성도윤 2023332951@dgu.co.kr 9vCTBelR
안지훈 2023510190@dgu.co.kr 9Xk8RsL8
송준우 2023537016@dgu.co.kr 2jNCVMNx
허지호 2023823820@dgu.co.kr I4isg4!w
성준우 2023338784@dgu.co.kr 2A7PMi5H
허서진 2023282447@dgu.co.kr DIbhuIx%
서지호 2023073844@dgu.co.kr $9e9SWct
임유나 2023670865@dgu.co.kr ^H*A2swK
황민영 2023265977@dgu.co.kr rVJDyc3B
한윤서 2023981668@dgu.co.kr oBLuQYZE
성윤우 2023851039@dgu.co.kr r5yF7S9f
김유빈 2023752933@dgu.co.kr TOpxL2eU
강시윤 2023743192@dgu.co.kr UtGwXCAy
조준우 2023034972@dgu.co.kr ^BChW^b7
홍준호 2023034556@dgu.co.kr 9RlppMb!
박지훈 2023454747@dgu.co.kr yt29TO%z
장서연 2023682453@dgu.co.kr r4FRutF9
오재윤 2023890581@dgu.co.kr tM4g2CtD
박도준 2023603345@dgu.co.kr ixpvWUYv
조유찬 2023771916@dgu.co.kr cLpN7d@Z
장서연 2023767147@dgu.co.kr xjOhJA@j
황유준 2023989870@dgu.co.kr !U3GOegx
오재윤 2023764743@dgu.co.kr 06VV29pQ
장준우 2023593005@dgu.co.kr Yn$P8zLB
성민지 2023085303@dgu.co.kr ZzKRbeY7
안윤우 2023006809@dgu.co.kr OgrGOuBX
이세아 2023800007@dgu.co.kr @wBQ%NaF
윤윤우 2023441598@dgu.co.kr bA5oM#s6
강민준 2023602723@dgu.co.kr qi2f*SaP
오하준 2023778312@dgu.co.kr WT!4D2FE
조민지 2023338935@dgu.co.kr 9KTTl*aC
장시윤 2023410447@dgu.co.kr HQh4XX5u
권지환 2023182393@dgu.co.kr zQ7KWbB@
안연서 2023701700@dgu.co.kr C$SYJ533
박민준 2023687994@dgu.co.kr ac7h&Rri
강윤우 2023449392@dgu.co.kr UVLKmf@V
진서연 2023674351@dgu.co.kr bC5ApttJ
서민지 2023742963@dgu.co.kr Ag!nvwi$
성민지 2023315142@dgu.co.kr DX!GIdkV
오현우 2023707364@dgu.co.kr Df9PXSXF
김준호 2023723727@dgu.co.kr EBchf^S%
최하준 2023049686@dgu.co.kr 8YqkTwdb
허세아 2023730550@dgu.co.kr !CXK^Xo7
권윤우 2023361940@dgu.co.kr FS9JwP8R
강소영 2023485590@dgu.co.kr 6XKfS#t!
강유빈 2023298621@dgu.co.kr j5Tb#G0T
한지우 2023372830@dgu.co.kr 7JoowuUZ
이유빈 2023486322@dgu.co.kr uRw*JBB3
고시우 2023930196@dgu.co.kr jyiO#xBF
한지훈 2023434583@dgu.co.kr L2e4I&BT
강서연 2023727450@dgu.co.kr Eu9joDf0
강서진 2023802714@dgu.co.kr VT@kiEBR
강현우 2023958209@dgu.co.kr I#R9A024
안유나 2023874709@dgu.co.kr 8^ykf!or
안재윤 2023159205@dgu.co.kr RDqzemY0
안하준 2023166730@dgu.co.kr Ld$Um3c@
안도윤 2023269979@dgu.co.kr 4ee9HVrb
홍시윤 2023519093@dgu.co.kr oCXwnkcq
허정훈 2023175670@dgu.co.kr @$Wf6H16
김지우 2023503599@dgu.co.kr 2W^SAZ1*
안민지 2023714789@dgu.co.kr N4rKYyZw
허지우 2023202940@dgu.co.kr V5MaUlDC
장민지 2023697819@dgu.co.kr $jv&qh4E
강준서 2023575741@dgu.co.kr DHv5H%cG
장준우 2023251473@dgu.co.kr 6!LkSygu
류지호 2023615288@dgu.co.kr 7t3STi1&
홍지훈 2023902827@dgu.co.kr zU2flwhH
신지호 2023194333@dgu.co.kr 7ZPc2vkm
서민지 2023878146@dgu.co.kr ate@07EW
한지우 2023627104@dgu.co.kr jeTvGsaV
조서연 2023063484@dgu.co.kr V83M@yrA
류지우 2023889171@dgu.co.kr !QVa0HxI
오준서 2023096924@dgu.co.kr 3W7KnZFE
허도윤 2023350954@dgu.co.kr h758nx23
성예빈 2023725128@dgu.co.kr 2aOIc$VI
조재윤 2023229157@dgu.co.kr 37hNJVq8
장민준 2023177924@dgu.co.kr 5ER#bU*e
윤준서 2023752023@dgu.co.kr &Z%rHeZi
허시윤 2023426239@dgu.co.kr LjCMMbO5
장현우 2023118816@dgu.co.kr YUo!qEAL
송지후 2023164679@dgu.co.kr yc7TF2LF
허지환 2023927160@dgu.co.kr 3WtH8*wy
서준우 2023306757@dgu.co.kr KZ1QBFel
류민준 2023637841@dgu.co.kr V420Qf6^
이지우 2023255306@dgu.co.kr $du&K38^
성준서 2023022184@dgu.co.kr 6IMUZ3qG
최민준 2023151266@dgu.co.kr ONQ3YAoi
허소영 2023933646@dgu.co.kr 9Xl^1R#X
황서준 2023246732@dgu.co.kr 8xTQ^REw
한유찬 2023937335@dgu.co.kr xpQBkCeB
윤윤서 2023360156@dgu.co.kr PjXE2jse
윤도준 2023342492@dgu.co.kr BVd4CtXF
고준호 2023710525@dgu.co.kr y0dF3l$%
조민지 2023369809@dgu.co.kr qI3#KOy7
류서준 2023496264@dgu.co.kr qGg$@mNj
강서진 2023335275@dgu.co.kr 9Rt2YVgJ
안유빈 2023679845@dgu.co.kr !bFYu!^l
황윤서 2023285616@dgu.co.kr K8dZaatq
박하준 2023387309@dgu.co.kr fGLCl6!z
진민영 2023380962@dgu.co.kr YI$GNEP8
권현우 2023997765@dgu.co.kr KsLMytDi
강지훈 2023322305@dgu.co.kr Xp^T%8m&
성서진 2023087824@dgu.co.kr ^aQAljJM
박민영 2023233788@dgu.co.kr WjL*$7gW
김지호 2023186127@dgu.co.kr &LB$ukj5
황유빈 2023675613@dgu.co.kr VAFXR2NG
고유준 2023504080@dgu.co.kr tRyljsjd
윤지후 2023587021@dgu.co.kr C*pChk5L
진유빈 2023811747@dgu.co.kr I%1ETkme
서지호 2023426945@dgu.co.kr cQ9^p0uy
정지훈 2023655384@dgu.co.kr wz5R^qu%
장예빈 2023747518@dgu.co.kr nM*KoQcs
홍준호 2023123754@dgu.co.kr &MK7FNeK
이윤우 2023678008@dgu.co.kr T!ShlBTY
신유나 2023812325@dgu.co.kr GcCWE&yx
진지환 2023582098@dgu.co.kr moky9DXN
성도준 2023902180@dgu.co.kr s6xCNt9m
박세아 2023202491@dgu.co.kr IRXBn9aZ
장현우 2023589463@dgu.co.kr tH14SUbc
윤소영 2023352967@dgu.co.kr !5DoUQkg
김서준 2023419090@dgu.co.kr 2%K^fnO1
진준우 2023575349@dgu.co.kr g$sbTOjC
장준호 2023456149@dgu.co.kr MI$4A7$f
진준우 2023512060@dgu.co.kr IpkHDmfd
최정훈 2023698422@dgu.co.kr aHi*Kzi7
이서연 2023798740@dgu.co.kr VZ5gfCB2
임지호 2023549414@dgu.co.kr wF@84Mr&
허소영 2023336630@dgu.co.kr QftZ4yLA
황서연 2023072034@dgu.co.kr JGFzaKJq
권유준 2023139006@dgu.co.kr 3pT6nCd5
성재윤 2023302009@dgu.co.kr cp4cHw3W
최시우 2023961114@dgu.co.kr L5Gu3gYn
허서연 2023075810@dgu.co.kr 05fYffc5
홍윤우 2023420470@dgu.co.kr o4hM#2wj
홍지환 2023776162@dgu.co.kr &&lmd2L$
정민지 2023670356@dgu.co.kr *1Y$HftY
안시윤 2023192928@dgu.co.kr JxLT^5Q0
홍연서 2023240395@dgu.co.kr 0x0YnZcF
서준호 2023663167@dgu.co.kr @$NRGUJk
서지후 2023212400@dgu.co.kr mqXB7V&V
송지호 2023569417@dgu.co.kr 7Qh0T^LB
임민준 2023157584@dgu.co.kr $MUd$grc
황지훈 2023892882@dgu.co.kr ^*bf31BK
안세아 2023363449@dgu.co.kr GP0!VgNx
서지호 2023952152@dgu.co.kr %!FKUsRD
오유빈 2023720443@dgu.co.kr HEIXRbqv
안재윤 2023721609@dgu.co.kr PoxouP6Y
홍민지 2023292917@dgu.co.kr 38MFTlX9
최지훈 2023852680@dgu.co.kr $T108zGI
윤도윤 2023459432@dgu.co.kr vaAwUl2t
진민지 2023448566@dgu.co.kr vzsoEeBG
고지환 2023055399@dgu.co.kr xsI7f$Mj
홍준우 2023709192@dgu.co.kr 0bzr791X
한소영 2023153110@dgu.co.kr &2&n*1yr
강재윤 2023349409@dgu.co.kr W!XJhGPd
한유준 2023549582@dgu.co.kr 0^V&^3KD
강서연 2023584654@dgu.co.kr o6L@f#f!
최정훈 2023292841@dgu.co.kr WK^xuXvl
진지후 2023994438@dgu.co.kr xZrGeEb8
송서연 2023981279@dgu.co.kr LA7r6ztx
최시우 2023659480@dgu.co.kr F$7LvThb
임재윤 2023768709@dgu.co.kr &eUNvbIt
안시우 2023532355@dgu.co.kr bUs7!E5u
고지환 2023533924@dgu.co.kr wDM6!O*0
고지호 2023484056@dgu.co.kr &t#5O7@U
이지우 2023589694@dgu.co.kr b6KZarl4
송유나 2023143302@dgu.co.kr u4DqB@L&
류준우 2023236192@dgu.co.kr @sSX1@YM
조서연 2023253393@dgu.co.kr l@GS!HKX
허준호 2023824315@dgu.co.kr MKMN%&@v
홍세아 2023584671@dgu.co.kr 5EJ#F5CV
조민지 2023031842@dgu.co.kr @rrCG08z
장민지 2023780280@dgu.co.kr u1M5UST*
김윤서 2023609715@dgu.co.kr 10gWc!So
한지환 2023658420@dgu.co.kr LxV4&ZjR
고유찬 2023418302@dgu.co.kr xl#9S44!
윤시윤 2023151569@dgu.co.kr D!Y3*#V@
장지후 2023892897@dgu.co.kr lkXUKRAA
서유준 2023496668@dgu.co.kr !rVl0eZT
박민영 2023471060@dgu.co.kr !%$GAQmj
박유나 2023145242@dgu.co.kr WUw#y1KG
권시우 2023587264@dgu.co.kr #1ZXWVH#
신예빈 2023446863@dgu.co.kr Tb3s33$q
박소영 2023282542@dgu.co.kr *&smjplz
조재윤 2023312005@dgu.co.kr MCVqwZGZ
홍지후 2023285872@dgu.co.kr Ke*@%pV8
허민준 2023364079@dgu.co.kr La%k5hNN
오윤서 2023150924@dgu.co.kr defUZvgo
정소영 2023849640@dgu.co.kr 85#xtGQ6
허소영 2023305019@dgu.co.kr JU$AZKpG
김소영 2023318317@dgu.co.kr AcEuW%Zt
성준서 2023704731@dgu.co.kr 4stQlUCK
서소영 2023446886@dgu.co.kr 2%R7o8hN
허유나 2023798622@dgu.co.kr JBr#9uK7
황하준 2023353069@dgu.co.kr ^4xGsalP
윤세아 2023809372@dgu.co.kr sK&A6&RQ
황유준 2023278261@dgu.co.kr Xas96Gue
이세아 2023697462@dgu.co.kr ZQGteNcW
류재윤 2023924424@dgu.co.kr wYhv15rN
박서연 2023298262@dgu.co.kr 1%6Yx2%n
고지호 2023694273@dgu.co.kr kC1x2EiO
윤서준 2023280419@dgu.co.kr YH6PZZGD
홍도윤 2023438558@dgu.co.kr YtcYEt$2
장서준 2023464159@dgu.co.kr $*TrS$mZ
정예빈 2023461686@dgu.co.kr yVGIO0Eb
김소영 2023371382@dgu.co.kr lTvF*CqU
윤서연 2023139723@dgu.co.kr qGLTbRL1
고재윤 2023913763@dgu.co.kr w7ld%!sk
안지훈 2023754491@dgu.co.kr n^v4dHCT
김시우 2023026602@dgu.co.kr oIIzpdi0
윤서준 2023756468@dgu.co.kr yJpD%#f3
조재윤 2023093934@dgu.co.kr CE9c6uSa
권지후 2023749286@dgu.co.kr sK2quedp
이윤서 2023181935@dgu.co.kr PcFBjBb@
황민지 2023397004@dgu.co.kr lCNJQZ@&
한지우 2023113100@dgu.co.kr NjQhLU^o
신윤서 2023162718@dgu.co.kr GXNjIIyB
고민준 2023633390@dgu.co.kr Q47I58Ql
박재윤 2023979871@dgu.co.kr Qwk#khJ2
임재윤 2023422807@dgu.co.kr ^&mlUKVF
신서준 2023945895@dgu.co.kr sVb8woTD
오윤우 2023185300@dgu.co.kr PWOVx6q4
류지훈 2023181420@dgu.co.kr zdTJu&^5
홍서연 2023490439@dgu.co.kr pt0U2Ow3
안지후 2023845878@dgu.co.kr hOlBmsYl
황민준 2023561905@dgu.co.kr 6m0B6!sL
조서진 2023547925@dgu.co.kr AnVCLU2v
김지호 2023931857@dgu.co.kr 4LZCbaN$
최시윤 2023816597@dgu.co.kr C%g7k#^E
윤유준 2023679728@dgu.co.kr hs^5w!4q
허민준 2023117015@dgu.co.kr RQMVO6!#
임준호 2023241284@dgu.co.kr WTpwrDH2
장윤서 2023330725@dgu.co.kr 5QUY3uus
성지환 2023648776@dgu.co.kr H@P@2Fh6
안재윤 2023425400@dgu.co.kr P&APtFEW
권서준 2023715712@dgu.co.kr yn@nJo^q
권지환 2023193329@dgu.co.kr *x4JAr8u
허유빈 2023138896@dgu.co.kr w0q3%@ss
성유준 2023360664@dgu.co.kr KHZ2vMIU
진유나 2023284799@dgu.co.kr alIStWEy
진준서 2023591775@dgu.co.kr pwtpOrIB
강지훈 2023589941@dgu.co.kr UH19r3Tz
최서연 2023337605@dgu.co.kr j$qm*1ld
황시우 2023406038@dgu.co.kr rChz@@sK
류정훈 2023170601@dgu.co.kr 35jim%pv
성지호 2023416261@dgu.co.kr Ajd6yVcb
신서준 2023214014@dgu.co.kr &XM#IJZ9
류하준 2023942164@dgu.co.kr #rUfeFNP
강준호 2023840190@dgu.co.kr j9b&IlwZ
송시윤 2023593941@dgu.co.kr FZ9Tdy%w
홍지환 2023593214@dgu.co.kr b6!segXR
이지환 2023597506@dgu.co.kr 6EzSHf#6
이연서 2023597617@dgu.co.kr ed0nLqIm
조민준 2023034773@dgu.co.kr utH%kx^X
조지우 2023762798@dgu.co.kr R6h9j3HR
이연서 2023274423@dgu.co.kr bf9Pk@2i
한시윤 2023549526@dgu.co.kr 8iVYpej8
서민지 2023912650@dgu.co.kr xmq7s&fW
황윤우 2023089472@dgu.co.kr r8kttPnj
장도윤 2023421261@dgu.co.kr pMpVM8ie
진민영 2023363074@dgu.co.kr z^lg1JXs
허준우 2023692247@dgu.co.kr 2C$^ar9H
오시우 2023780063@dgu.co.kr @I5hq1hH
강재윤 2023554204@dgu.co.kr kbKmv#$*
조준우 2023843632@dgu.co.kr ZK60q4uf
허윤우 2023359210@dgu.co.kr TmcD1&Yp
한서준 2023374100@dgu.co.kr S@qAjqCI
안재윤 2023576208@dgu.co.kr ZRHp1TJy
황지훈 2023340775@dgu.co.kr KKIHblC8
진지훈 2023534524@dgu.co.kr 6XHKBt1o
류시윤 2023200136@dgu.co.kr Ay%4zYui
오정훈 2023893503@dgu.co.kr wM$knK43
윤지후 2023780042@dgu.co.kr DNFp7uDO
장민영 2023753354@dgu.co.kr I636hZWH
진윤우 2023142081@dgu.co.kr oi@1$&I1
장소영 2023426863@dgu.co.kr E8ln!Ghd
안민영 2023117992@dgu.co.kr jzcUOOGd
고지호 2023390302@dgu.co.kr 4!N3izzA
황민지 2023292003@dgu.co.kr T9sl#I&R
장유나 2023642784@dgu.co.kr rlWME8WS
서서연 2023183402@dgu.co.kr I7M#gh2M
류유찬 2023589041@dgu.co.kr EkNqfJl$
김유찬 2023934778@dgu.co.kr 82IFtC&R
강정훈 2023574686@dgu.co.kr 4^IHoaAg
최세아 2023588950@dgu.co.kr Gh2HHphC
진지우 2023979464@dgu.co.kr sgJYTfGP
홍도준 2023633966@dgu.co.kr t1jEq0Hh
송지호 2023653318@dgu.co.kr 8qecfo$e
김지호 2023256084@dgu.co.kr V&KO!Evg
서시우 2023296426@dgu.co.kr 3CFeED85
진윤서 2023049623@dgu.co.kr Qz3qB3Nw
황연서 2023771739@dgu.co.kr UJO&JJFM
신지호 2023045404@dgu.co.kr d9w^^4UK
고시윤 2023871458@dgu.co.kr NwRebTPV
정지환 2023789483@dgu.co.kr Akn62Q3X
임서연 2023772511@dgu.co.kr RIF3Ld7u
장유찬 2023897557@dgu.co.kr x7ZW7B1t
최준호 2023905708@dgu.co.kr jnMlsou#
고지환 2023408525@dgu.co.kr DetF0fV6
이시윤 2023494690@dgu.co.kr iLCFt6bl
최도준 2023784955@dgu.co.kr 4*&yLjYU
김민영 2023947894@dgu.co.kr qj07P%lK
오윤서 2023731396@dgu.co.kr cMeZwyel
오소영 2023354230@dgu.co.kr h8%IK3p%
김준서 2023013051@dgu.co.kr aeLKm8!*
이지훈 2023473524@dgu.co.kr FR00TD23
진도준 2023464015@dgu.co.kr 5s6ve6XK
이하준 2023027201@dgu.co.kr Ty038!I@
조소영 2023471437@dgu.co.kr *PuKdR2v
오유준 2023990244@dgu.co.kr EwHb!B0W
오서준 2023338437@dgu.co.kr tIycK#zC
조민지 2023720613@dgu.co.kr jMazRoxe
한유나 2023492878@dgu.co.kr PtSf0n%E
임민영 2023945657@dgu.co.kr TCQUyLhT
황지후 2023848475@dgu.co.kr ^1ah6sAL
안지환 2023626030@dgu.co.kr 2j!&mK5M
신준우 2023402683@dgu.co.kr *tsJbIH!
조도준 2023146192@dgu.co.kr ao3Qtp1E
류예빈 2023326790@dgu.co.kr *nLE7&tz
최하준 2023409816@dgu.co.kr uK8*FbCB
홍지우 2023209235@dgu.co.kr gLbeGcFv
서현우 2023042458@dgu.co.kr *!IKGbgy
홍준호 2023127128@dgu.co.kr RKXljSmh
안민영 2023241685@dgu.co.kr 4mB%uKiR
권도윤 2023747969@dgu.co.kr 9yawvbua
이유빈 2023157994@dgu.co.kr yOMWJ$lL
고윤우 2023889449@dgu.co.kr cVk7o#oF
최유준 2023814916@dgu.co.kr LqCt$eTj
이시우 2023041908@dgu.co.kr 08Znl6MI
임서진 2023569224@dgu.co.kr h1MKV@0A
권서준 2023545257@dgu.co.kr NY9z%7i&
권세아 2023631842@dgu.co.kr d%RO97x6
김지훈 2023274236@dgu.co.kr bjEcnwBG
최지호 2023214341@dgu.co.kr p0K9Y2^w
서민영 2023742666@dgu.co.kr FPMkAT9M
장예빈 2023439676@dgu.co.kr FgAd*&pm
허준우 2023835260@dgu.co.kr snnY!1pM
이도윤 2023609900@dgu.co.kr p4MTO45k
김지훈 2023055002@dgu.co.kr LYju3J!4
안윤서 2023548743@dgu.co.kr 1RZa*fvI
한예빈 2023050257@dgu.co.kr 5q!vLu!9
성윤서 2023420761@dgu.co.kr cQpjCRHm
김윤서 2023188082@dgu.co.kr uFHe3d6t
황지환 2023938269@dgu.co.kr %Z2y7nfX
김소영 2023645220@dgu.co.kr r&*ms#gb
조민준 2023629154@dgu.co.kr %SXMDNVu
한세아 2023762020@dgu.co.kr cfezGFM#
류소영 2023423828@dgu.co.kr JLHAtz^d
윤지호 2023500029@dgu.co.kr 46W7rRz#
한연서 2023703753@dgu.co.kr WtUYgfE$
김민준 2023629397@dgu.co.kr #LVsxGhb
진지환 2023122008@dgu.co.kr UOkJwieM
조시윤 2023679494@dgu.co.kr %iq%W!vF
김지후 2023852211@dgu.co.kr UAMpf%G*
신준호 2023054210@dgu.co.kr oWCnky92
윤민영 2023871041@dgu.co.kr #Lz1N750
조지환 2023376209@dgu.co.kr T%QqWe0B
성정훈 2023583421@dgu.co.kr 4h3aFm56
장세아 2023548415@dgu.co.kr gmytyzc7
진민영 2023906829@dgu.co.kr O@*#HKeb
진지훈 2023369307@dgu.co.kr xFKZlgun
강유찬 2023579796@dgu.co.kr 9fz$$vAS
진유준 2023489749@dgu.co.kr W8ysmyqw
진지후 2023131777@dgu.co.kr nTuni94O
진지훈 2023424650@dgu.co.kr r^yPcL&H
윤유빈 2023748690@dgu.co.kr @2!g&dMk
성지호 2023765884@dgu.co.kr Qad&zd!X
박유준 2023428756@dgu.co.kr ionZjd7L
김유나 2023552799@dgu.co.kr k1VVLsvV
강지호 2023332718@dgu.co.kr #til4Z4j
조지훈 2023239141@dgu.co.kr %U66#Xx*
정정훈 2023649703@dgu.co.kr H0QeRe*3
권민준 2023690210@dgu.co.kr 0!EGnASX
조세아 2023159979@dgu.co.kr gES%izvX
정지훈 2023063256@dgu.co.kr BKQ6RCty
조재윤 2023119852@dgu.co.kr tHec5VH#
신유찬 2023023138@dgu.co.kr l2iXbM5O
장예빈 2023350591@dgu.co.kr i*IhHYo2
서윤우 2023150729@dgu.co.kr x1mjW67J
권세아 2023355635@dgu.co.kr 2C$EcSum
박서준 2023675915@dgu.co.kr av^GrGre
임준우 2023363110@dgu.co.kr hSDIg1LN
강서준 2023408850@dgu.co.kr UvKD$NrE
성연서 2023747234@dgu.co.kr 1y!irS!F
황재윤 2023164259@dgu.co.kr Qir&CW^%
장준우 2023377786@dgu.co.kr Ed4OkTcB
한도준 2023397144@dgu.co.kr CpO$@DtB
한윤우 2023601395@dgu.co.kr gDZ37SiH
오유준 2023975915@dgu.co.kr x3K*u0Nx
조윤서 2023832172@dgu.co.kr LGiO6xR^
고도윤 2023240074@dgu.co.kr LYn3E8OP
황하준 2023010485@dgu.co.kr L24Al4&r
류시윤 2023794806@dgu.co.kr ERpFhKN5
한재윤 2023097881@dgu.co.kr Su@3jwc9
안지우 2023969073@dgu.co.kr AonR6Ius
임민지 2023108366@dgu.co.kr yC$oKDjb
박지호 2023214070@dgu.co.kr fCEuBEU2
권민영 2023968512@dgu.co.kr 67WSXRLA
송유찬 2023650287@dgu.co.kr Nd1sNeLS
조민준 2023249807@dgu.co.kr bMdJy9^v
권준우 2023567896@dgu.co.kr E*i%DBWX
조정훈 2023073505@dgu.co.kr %PVZItcu
안현우 2023842821@dgu.co.kr MJ4XDuky
최서진 2023594492@dgu.co.kr r^60JY7t
안서준 2023376062@dgu.co.kr 16Sr5nBU
장민지 2023631782@dgu.co.kr BK4Q5K^!
최민영 2023400820@dgu.co.kr xA3KoVsK
오도윤 2023773697@dgu.co.kr QGqfgWgK
황준서 2023195498@dgu.co.kr gbhgUV@i
박서진 2023066447@dgu.co.kr ^dFOQItL
성지후 2023417345@dgu.co.kr 90IyT1$X
임예빈 2023934186@dgu.co.kr GoYkbfwB
안서준 2023315999@dgu.co.kr #rOL5#u4
류시윤 2023796080@dgu.co.kr dZY1$yp!
강정훈 2023275751@dgu.co.kr ddQTJ0T&
허정훈 2023773031@dgu.co.kr k59JLhqf
윤유찬 2023022533@dgu.co.kr MUmQ0eFI
강재윤 2023679667@dgu.co.kr %skQ1IIA
윤민영 2023364638@dgu.co.kr 2$T7mkaC
권서연 2023437662@dgu.co.kr fcYPt%VD
윤지호 2023729207@dgu.co.kr ZvcRpj6X
윤민영 2023318355@dgu.co.kr #nMed&U0
김현우 2023689856@dgu.co.kr IxEXW%sl
이유빈 2023385398@dgu.co.kr LyArXiKP
황시우 2023625999@dgu.co.kr s!9RK8&O
류유빈 2023489485@dgu.co.kr !Yrn!^vk
장지호 2023967811@dgu.co.kr &HXo716c
허지후 2023983290@dgu.co.kr LYnNWB#q
김유찬 2023053609@dgu.co.kr ZzIVMLp!
이유준 2023658826@dgu.co.kr V62WUF8R
박준서 2023857706@dgu.co.kr 3ozUGKqb
강서연 2023316280@dgu.co.kr 1R8ArWI&
류지우 2023469209@dgu.co.kr 7P&K@9D7
진하준 2023705828@dgu.co.kr a7gFbuYt
오시윤 2023243957@dgu.co.kr $4L84o50
한지훈 2023334507@dgu.co.kr 2*M%tkB^
진민지 2023905632@dgu.co.kr QVk9yAQs
박현우 2023052731@dgu.co.kr Or%2Sgvx
강소영 2023783239@dgu.co.kr ozPtbMZ2
안준우 2023585912@dgu.co.kr AX1bMs$g
권민영 2023157955@dgu.co.kr G!Xr%7nf
임준우 2023338080@dgu.co.kr j2HM&N!f
고소영 2023517254@dgu.co.kr h0Rv@Z37
오도준 2023298050@dgu.co.kr dfIC%lhV
박소영 2023057505@dgu.co.kr Lro7GQgn
최시윤 2023741850@dgu.co.kr AJUeohWm
진도준 2023823616@dgu.co.kr HXdSPiid
정현우 2023711013@dgu.co.kr 1Wv65oGm
홍시우 2023426220@dgu.co.kr r*o6dfF0
정도윤 2023804823@dgu.co.kr e#9sJQqx
권지후 2023887436@dgu.co.kr DplbT1m4
권지환 2023445294@dgu.co.kr mNy!q0MT
홍민영 2023482571@dgu.co.kr NnlWpBiC
권민지 2023494168@dgu.co.kr Ffz3sP7f
박도윤 2023149073@dgu.co.kr IPqKRwuE
오민준 2023001600@dgu.co.kr NtHw$SUz
임세아 2023403077@dgu.co.kr MtXRQFxy
류윤우 2023685212@dgu.co.kr tY$RyW*e
류서연 2023399975@dgu.co.kr xdX4cEav
송서진 2023878336@dgu.co.kr 9qOBBwpP
윤윤우 2023522471@dgu.co.kr sV7JN7ag
임재윤 2023336278@dgu.co.kr jcPNGOPg
최하준 2023002612@dgu.co.kr V3jGAl&E
권재윤 2023839815@dgu.co.kr bEh!N@F8
허준우 2023260006@dgu.co.kr 4IeYnQ6e
임서연 2023205816@dgu.co.kr 7bnEFB!d
홍서연 2023271901@dgu.co.kr byLkMOt@
강재윤 2023023482@dgu.co.kr VgWXbfsR
오유빈 2023941530@dgu.co.kr u2x#WVn2
송시우 2023928839@dgu.co.kr BYC525pF
서지환 2023012944@dgu.co.kr CBEJ&PIh
신유찬 2023679702@dgu.co.kr uU3Y*rUW
허지환 2023475166@dgu.co.kr 4MtPjRC4
박민영 2023187979@dgu.co.kr ivuvl%8Y
강윤우 2023413603@dgu.co.kr bW#QDNaq
서유빈 2023822087@dgu.co.kr MFR*o&aq
송재윤 2023447719@dgu.co.kr o7QVBSha
신하준 2023916220@dgu.co.kr tNYSSgq^
류지호 2023957071@dgu.co.kr ZJdtMHs&
홍지후 2023563924@dgu.co.kr wULx1p4Q
최시우 2023453933@dgu.co.kr rMEV3nOX
안지환 2023793604@dgu.co.kr awAW0NbP
진도준 2023916820@dgu.co.kr 8KH1csg8
윤준우 2023599887@dgu.co.kr yX9Th5%V
정예빈 2023148163@dgu.co.kr w6Pr*UwW
허세아 2023448953@dgu.co.kr Uwapq6bC
임민영 2023034577@dgu.co.kr ADutHzrr
